{"C:\\Users\\aragh\\OneDrive\\Documents\\arena\\Javascript\\vending-machine-tdd\\src\\change.js": {"path":"C:\\Users\\aragh\\OneDrive\\Documents\\arena\\Javascript\\vending-machine-tdd\\src\\change.js","statementMap":{"0":{"start":{"line":9,"column":25},"end":{"line":21,"column":1}},"1":{"start":{"line":10,"column":15},"end":{"line":10,"column":38}},"2":{"start":{"line":11,"column":16},"end":{"line":11,"column":42}},"3":{"start":{"line":12,"column":15},"end":{"line":12,"column":17}},"4":{"start":{"line":14,"column":2},"end":{"line":19,"column":3}},"5":{"start":{"line":15,"column":4},"end":{"line":18,"column":5}},"6":{"start":{"line":16,"column":6},"end":{"line":16,"column":24}},"7":{"start":{"line":17,"column":6},"end":{"line":17,"column":21}},"8":{"start":{"line":20,"column":2},"end":{"line":20,"column":16}}},"fnMap":{"0":{"name":"(anonymous_0)","decl":{"start":{"line":9,"column":25},"end":{"line":9,"column":26}},"loc":{"start":{"line":9,"column":53},"end":{"line":21,"column":1}},"line":9}},"branchMap":{},"s":{"0":1,"1":4,"2":4,"3":4,"4":4,"5":28,"6":17,"7":17,"8":4},"f":{"0":4},"b":{},"meta":{"lastBranch":0,"lastFunction":1,"lastStatement":9,"seen":{"s:9:25:21:1":0,"f:9:25:9:26":0,"s:10:15:10:38":1,"s:11:16:11:42":2,"s:12:15:12:17":3,"s:14:2:19:3":4,"s:15:4:18:5":5,"s:16:6:16:24":6,"s:17:6:17:21":7,"s:20:2:20:16":8}}}
}
